<?xml version="1.0" encoding="UTF-8"?>
<!-- Generated by org.testng.reporters.JUnitXMLReporter -->
<testsuite ignored="0" hostname="DESKTOP-LG7E1GC" failures="1" tests="3" name="Login Test" time="1.463" errors="0" timestamp="2021-07-26T10:54:55 PDT">
  <testcase classname="com.zoho.suite.testcases.login.LoginTest" name="loginTest" time="0.15">
    <failure type="org.openqa.selenium.WebDriverException" message="Cannot find firefox binary in PATH. Make sure firefox is installed. OS appears to be: WIN10
Build info: version: &amp;apos;4.0.0-alpha-5&amp;apos;, revision: &amp;apos;b3a0d621cc&amp;apos;
System info: host: &amp;apos;DESKTOP-LG7E1GC&amp;apos;, ip: &amp;apos;192.168.1.247&amp;apos;, os.name: &amp;apos;Windows 10&amp;apos;, os.arch: &amp;apos;amd64&amp;apos;, os.version: &amp;apos;10.0&amp;apos;, java.version: &amp;apos;16.0.2&amp;apos;
Driver info: driver.version: ZohoDriver">
      <![CDATA[org.openqa.selenium.WebDriverException: Cannot find firefox binary in PATH. Make sure firefox is installed. OS appears to be: WIN10
Build info: version: '4.0.0-alpha-5', revision: 'b3a0d621cc'
System info: host: 'DESKTOP-LG7E1GC', ip: '192.168.1.247', os.name: 'Windows 10', os.arch: 'amd64', os.version: '10.0', java.version: '16.0.2'
Driver info: driver.version: ZohoDriver
at org.openqa.selenium.firefox.FirefoxBinary.<init>(FirefoxBinary.java:97)
at java.base/java.util.Optional.orElseGet(Optional.java:364)
at org.openqa.selenium.firefox.FirefoxOptions.getBinary(FirefoxOptions.java:198)
at org.openqa.selenium.firefox.GeckoDriverService$Builder.withOptions(GeckoDriverService.java:177)
at org.openqa.selenium.firefox.FirefoxDriver.toExecutor(FirefoxDriver.java:186)
at org.openqa.selenium.firefox.FirefoxDriver.<init>(FirefoxDriver.java:156)
at org.openqa.selenium.firefox.FirefoxDriver.<init>(FirefoxDriver.java:134)
at com.zoho.web.ZohoDriver.openBrowser(ZohoDriver.java:56)
at com.zoho.pages.normal.LaunchPage.openBrowser(LaunchPage.java:16)
at com.zoho.suite.testcases.login.LoginTest.loginTest(LoginTest.java:68)
at java.base/java.util.ArrayList.forEach(ArrayList.java:1511)
at java.base/java.util.concurrent.FutureTask.run(FutureTask.java:264)
at java.base/java.util.concurrent.ThreadPoolExecutor.runWorker(ThreadPoolExecutor.java:1130)
at java.base/java.util.concurrent.ThreadPoolExecutor$Worker.run(ThreadPoolExecutor.java:630)
at java.base/java.lang.Thread.run(Thread.java:831)
... Removed 18 stack frames]]>
    </failure>
  </testcase> <!-- loginTest -->
  <testcase classname="com.zoho.suite.testcases.login.LoginTest" name="loginTest" time="0.003">
    <skipped/>
  </testcase> <!-- loginTest -->
  <testcase classname="com.zoho.suite.testcases.login.LoginTest" name="loginTest" time="0.016">
    <skipped/>
  </testcase> <!-- loginTest -->
</testsuite> <!-- Login Test -->
